[     300ms] [ERROR] TypeError: Cannot read properties of undefined (reading 'label')
    at Object.p0iK (https://www.zndata.cn/fqtaxcompany/static/js/chunk-77ed.e30a367b.js:1357:3)
    at __webpack_require__ (https://www.zndata.cn/:316:30)
    at Module.m3Yl (https://www.zndata.cn/fqtaxcompany/static/js/chunk-77ed.e30a367b.js:333:20)
    at __webpack_require__ (https://www.zndata.cn/:316:30) @ https://www.zndata.cn/fqtaxcompany/static/js/chunk-libs.9c4ddc50.js:81628
[    3330ms] [ERROR] 解密失败: Error: 解密失败：结果为空
    at decryptAES (https://www.zndata.cn/fqtaxcompany/static/js/app.9d567fe2.js:2296:13)
    at https://www.zndata.cn/fqtaxcompany/static/js/app.9d567fe2.js:2264:17
    at https://www.zndata.cn/fqtaxcompany/static/js/chunk-libs.9c4ddc50.js:79378:18
    at Generator.<anonymous> (https://www.zndata.cn/fqtaxcompany/static/js/chunk-libs.9c4ddc50.js:68261:51)
    at Generator.next (https://www.zndata.cn/fqtaxcompany/static/js/chunk-libs.9c4ddc50.js:32062:21)
    at asyncGeneratorStep (https://www.zndata.cn/fqtaxcompany/static/js/chunk-libs.9c4ddc50.js:105326:17)
    at _next (https://www.zndata.cn/fqtaxcompany/static/js/chunk-libs.9c4ddc50.js:105340:9) @ https://www.zndata.cn/fqtaxcompany/static/js/app.9d567fe2.js:2300
[    3331ms] [ERROR] 解密失败: Error: 解密失败：结果为空
    at decryptAES (https://www.zndata.cn/fqtaxcompany/static/js/app.9d567fe2.js:2296:13)
    at https://www.zndata.cn/fqtaxcompany/static/js/app.9d567fe2.js:2265:17
    at https://www.zndata.cn/fqtaxcompany/static/js/chunk-libs.9c4ddc50.js:79378:18
    at Generator.<anonymous> (https://www.zndata.cn/fqtaxcompany/static/js/chunk-libs.9c4ddc50.js:68261:51)
    at Generator.next (https://www.zndata.cn/fqtaxcompany/static/js/chunk-libs.9c4ddc50.js:32062:21)
    at asyncGeneratorStep (https://www.zndata.cn/fqtaxcompany/static/js/chunk-libs.9c4ddc50.js:105326:17)
    at _next (https://www.zndata.cn/fqtaxcompany/static/js/chunk-libs.9c4ddc50.js:105340:9) @ https://www.zndata.cn/fqtaxcompany/static/js/app.9d567fe2.js:2300
